c:\dev\curio\curio\x64\debug\vc142.pdb
c:\dev\curio\curio\x64\debug\vc142.idb
c:\dev\curio\curio\x64\debug\events.obj
c:\dev\curio\curio\x64\debug\curio.obj
c:\dev\curio\curio\x64\debug\log.obj
c:\dev\curio\curio\x64\debug\menu.obj
c:\dev\curio\curio\x64\debug\button.obj
c:\dev\curio\x64\debug\curio.lib
c:\dev\curio\x64\debug\curio.exp
c:\dev\curio\x64\debug\curio.exe
c:\dev\curio\x64\debug\curio.ilk
c:\dev\curio\x64\debug\curio.pdb
c:\dev\curio\curio\x64\debug\curio.new.obj.enc
c:\dev\curio\curio\x64\debug\curio.tlog\cl.command.1.tlog
c:\dev\curio\curio\x64\debug\curio.tlog\cl.read.1.tlog
c:\dev\curio\curio\x64\debug\curio.tlog\cl.write.1.tlog
c:\dev\curio\curio\x64\debug\curio.tlog\curio.write.1u.tlog
c:\dev\curio\curio\x64\debug\curio.tlog\link.20136.delete.1.tlog
c:\dev\curio\curio\x64\debug\curio.tlog\link.23596.delete.1.tlog
c:\dev\curio\curio\x64\debug\curio.tlog\link.command.1.tlog
c:\dev\curio\curio\x64\debug\curio.tlog\link.read.1.tlog
c:\dev\curio\curio\x64\debug\curio.tlog\link.write.1.tlog
